Using pre-set license
Built from '2020.3/staging' branch; Version is '2020.3.0f1 (c7b5465681fb) revision 13088070'; Using compiler version '192528614'; Build Type 'Release'
OS: 'Windows 10 Pro; OS build 18363.1440; Version 1909; 64bit' Language: 'ru' Physical Memory: 16264 MB
BatchMode: 1, IsHumanControllingUs: 0, StartBugReporterOnCrash: 0, Is64bit: 1, IsPro: 0

 COMMAND LINE ARGUMENTS:
D:\unity\2020.3.0f1\Editor\Unity.exe
-adb2
-batchMode
-noUpm
-name
AssetImportWorker0
-projectPath
D:/unity/Match-3
-logFile
Logs/AssetImportWorker0.log
-srvPort
55874
Successfully changed project path to: D:/unity/Match-3
D:/unity/Match-3
Using Asset Import Pipeline V2.
Refreshing native plugins compatible for Editor in 59.07 ms, found 1 plugins.
Preloading 0 native plugins for Editor in 0.00 ms.
Initialize engine version: 2020.3.0f1 (c7b5465681fb)
[Subsystems] Discovering subsystems at path D:/unity/2020.3.0f1/Editor/Data/Resources/UnitySubsystems
[Subsystems] Discovering subsystems at path D:/unity/Match-3/Assets
GfxDevice: creating device client; threaded=0
Direct3D:
    Version:  Direct3D 11.0 [level 11.1]
    Renderer: Intel(R) HD Graphics 4600 (ID=0x412)
    Vendor:   
    VRAM:     2048 MB
    Driver:   20.19.15.4531
Initialize mono
Mono path[0] = 'D:/unity/2020.3.0f1/Editor/Data/Managed'
Mono path[1] = 'D:/unity/2020.3.0f1/Editor/Data/MonoBleedingEdge/lib/mono/unityjit'
Mono config path = 'D:/unity/2020.3.0f1/Editor/Data/MonoBleedingEdge/etc'
Using monoOptions --debugger-agent=transport=dt_socket,embedding=1,server=y,suspend=n,address=127.0.0.1:56132
Begin MonoManager ReloadAssembly
Registering precompiled unity dll's ...
Register platform support module: D:/unity/2020.3.0f1/Editor/Data/PlaybackEngines/WindowsStandaloneSupport/UnityEditor.WindowsStandalone.Extensions.dll
Registered in 0.000927 seconds.
Native extension for WindowsStandalone target not found
Refreshing native plugins compatible for Editor in 47.40 ms, found 1 plugins.
Preloading 0 native plugins for Editor in 0.00 ms.
Invoked RoslynAnalysisRunner static constructor.
RoslynAnalysisRunner will not be running.
RoslynAnalysisRunner has terminated.
Mono: successfully reloaded assembly
- Completed reload, in  1.402 seconds
Platform modules already initialized, skipping
Registering precompiled user dll's ...
Registered in 0.001018 seconds.
Begin MonoManager ReloadAssembly
Native extension for WindowsStandalone target not found
Refreshing native plugins compatible for Editor in 57.94 ms, found 1 plugins.
Preloading 0 native plugins for Editor in 0.00 ms.
Invoked RoslynAnalysisRunner static constructor.
RoslynAnalysisRunner will not be running.
RoslynAnalysisRunner has terminated.
Mono: successfully reloaded assembly
- Completed reload, in  1.620 seconds
Platform modules already initialized, skipping
========================================================================
Worker process is ready to serve import requests
Launched and connected shader compiler UnityShaderCompiler.exe after 0.38 seconds
Refreshing native plugins compatible for Editor in 0.77 ms, found 1 plugins.
Preloading 0 native plugins for Editor in 0.00 ms.
Unloading 1807 Unused Serialized files (Serialized files now loaded: 0)
System memory in use before: 84.6 MB.
System memory in use after: 84.5 MB.

Unloading 24 unused Assets to reduce memory usage. Loaded Objects now: 2249.
Total: 5.614600 ms (FindLiveObjects: 0.515500 ms CreateObjectMapping: 0.140400 ms MarkObjects: 4.757400 ms  DeleteObjects: 0.198400 ms)

========================================================================
Received Import Request.
  path: Assets/Sprites 1/shapes_two.png
  artifactKey: Guid(2c97df9695607b04c92ec362851a0890) Importer(815301076,1909f56bfc062723c751e8b465ee728b)
Start importing Assets/Sprites 1/shapes_two.png using Guid(2c97df9695607b04c92ec362851a0890) Importer(815301076,1909f56bfc062723c751e8b465ee728b)  -> (artifact id: 'd30b08b889dc84bc6f3792f57b1412f9') in 2.293302 seconds
  Import took 3.668115 seconds .

========================================================================
Received Import Request.
  Time since last request: 0.000390 seconds.
  path: Assets/Sprites 1/shapes.png
  artifactKey: Guid(34f6321b206afab459fb7c8d37989456) Importer(815301076,1909f56bfc062723c751e8b465ee728b)
Start importing Assets/Sprites 1/shapes.png using Guid(34f6321b206afab459fb7c8d37989456) Importer(815301076,1909f56bfc062723c751e8b465ee728b)  -> (artifact id: 'a2878f0573df08a7725f3b09d41f4b3d') in 0.057636 seconds
  Import took 0.449270 seconds .

========================================================================
Received Prepare
Registering precompiled user dll's ...
Registered in 0.000976 seconds.
Begin MonoManager ReloadAssembly
Native extension for WindowsStandalone target not found
Refreshing native plugins compatible for Editor in 0.98 ms, found 1 plugins.
Preloading 0 native plugins for Editor in 0.00 ms.
Invoked RoslynAnalysisRunner static constructor.
RoslynAnalysisRunner will not be running.
RoslynAnalysisRunner has terminated.
Mono: successfully reloaded assembly
- Completed reload, in  1.649 seconds
Platform modules already initialized, skipping
Refreshing native plugins compatible for Editor in 0.97 ms, found 1 plugins.
Preloading 0 native plugins for Editor in 0.00 ms.
Unloading 1803 Unused Serialized files (Serialized files now loaded: 0)
System memory in use before: 87.7 MB.
System memory in use after: 87.7 MB.

Unloading 12 unused Assets to reduce memory usage. Loaded Objects now: 2260.
Total: 2.915100 ms (FindLiveObjects: 0.297100 ms CreateObjectMapping: 0.073200 ms MarkObjects: 2.389600 ms  DeleteObjects: 0.154200 ms)

========================================================================
Received Prepare
Registering precompiled user dll's ...
Registered in 0.001417 seconds.
Begin MonoManager ReloadAssembly
Native extension for WindowsStandalone target not found
Refreshing native plugins compatible for Editor in 1.07 ms, found 1 plugins.
Preloading 0 native plugins for Editor in 0.00 ms.
Invoked RoslynAnalysisRunner static constructor.
RoslynAnalysisRunner will not be running.
RoslynAnalysisRunner has terminated.
Mono: successfully reloaded assembly
- Completed reload, in  1.654 seconds
Platform modules already initialized, skipping
Refreshing native plugins compatible for Editor in 0.98 ms, found 1 plugins.
Preloading 0 native plugins for Editor in 0.00 ms.
Unloading 1803 Unused Serialized files (Serialized files now loaded: 0)
System memory in use before: 87.7 MB.
System memory in use after: 87.7 MB.

Unloading 12 unused Assets to reduce memory usage. Loaded Objects now: 2264.
Total: 5.142600 ms (FindLiveObjects: 0.578200 ms CreateObjectMapping: 0.149100 ms MarkObjects: 4.155800 ms  DeleteObjects: 0.257400 ms)

========================================================================
Received Import Request.
  Time since last request: 96.022845 seconds.
  path: Assets/Scripts 1/ArrayLayout.cs
  artifactKey: Guid(142d1be91545ed14c891a9ad558ce584) Importer(815301076,1909f56bfc062723c751e8b465ee728b)
Start importing Assets/Scripts 1/ArrayLayout.cs using Guid(142d1be91545ed14c891a9ad558ce584) Importer(815301076,1909f56bfc062723c751e8b465ee728b)  -> (artifact id: '7fa6d006e3e759c55cd4c51ee913a662') in 0.022393 seconds
  Import took 0.105070 seconds .

========================================================================
Received Import Request.
  Time since last request: 0.012491 seconds.
  path: Assets/Scripts 1/ArrayLayout.cs
  artifactKey: Guid(142d1be91545ed14c891a9ad558ce584) Importer(815301076,1909f56bfc062723c751e8b465ee728b)
Start importing Assets/Scripts 1/ArrayLayout.cs using Guid(142d1be91545ed14c891a9ad558ce584) Importer(815301076,1909f56bfc062723c751e8b465ee728b)  -> (artifact id: '7fa6d006e3e759c55cd4c51ee913a662') in 0.002408 seconds
  Import took 0.008071 seconds .

========================================================================
Received Import Request.
  Time since last request: 227.467531 seconds.
  path: Assets/Editor/CustPropertyDrawer.cs
  artifactKey: Guid(aec9734df626b1949b085a28b9ea3bf5) Importer(815301076,1909f56bfc062723c751e8b465ee728b)
Start importing Assets/Editor/CustPropertyDrawer.cs using Guid(aec9734df626b1949b085a28b9ea3bf5) Importer(815301076,1909f56bfc062723c751e8b465ee728b)  -> (artifact id: 'c1bdd0d400e121387f54e92a4f89fe30') in 0.014923 seconds
  Import took 0.042060 seconds .

========================================================================
Received Import Request.
  Time since last request: 0.001696 seconds.
  path: Assets/Editor/CustPropertyDrawer.cs
  artifactKey: Guid(aec9734df626b1949b085a28b9ea3bf5) Importer(815301076,1909f56bfc062723c751e8b465ee728b)
Start importing Assets/Editor/CustPropertyDrawer.cs using Guid(aec9734df626b1949b085a28b9ea3bf5) Importer(815301076,1909f56bfc062723c751e8b465ee728b)  -> (artifact id: 'c1bdd0d400e121387f54e92a4f89fe30') in 0.003864 seconds
  Import took 0.011584 seconds .

AssetImportWorkerClient::OnTransportError - code=2 error=End of file
